[Container] Initializing for C:\Users\sdses\Desktop\随机小项目\workspace-bridge\reference\GitNexus (auto-detected)
[FileIndex] Discovered 1329 files to index
[FileIndex] 100/1329 indexed...
[FileIndex] 200/1329 indexed...
[FileIndex] 300/1329 indexed...
[FileIndex] 400/1329 indexed...
[FileIndex] 500/1329 indexed...
[FileIndex] 600/1329 indexed...
[FileIndex] 700/1329 indexed...
[FileIndex] 800/1329 indexed...
[FileIndex] 900/1329 indexed...
[FileIndex] 1000/1329 indexed...
[FileIndex] 1100/1329 indexed...
[FileIndex] 1200/1329 indexed...
[FileIndex] 1300/1329 indexed...
[FileIndex] Built in 24847ms, 1329 files indexed
[DepGraph] Loaded graph from edges: 1329 files, 1749 edges
[DepGraph] Precomputed aggregates restored from cache
[DepGraph] Precomputed impact restored for 1329 files
[Container] Ready: 1329 files indexed
[timing] init=26979ms (fileIndex=24864ms, depGraph=271ms) command=7320ms
